<?xml version="1.0" encoding="UTF-8"?>
<testsuite name="systems.vostok.humexp.pry.provider.CommonTest" tests="1" skipped="0" failures="0" errors="0" timestamp="2019-01-13T16:22:58" hostname="DESKTOP-EQVDKQ6" time="0.15">
  <properties/>
  <testcase name="commonTest()" classname="systems.vostok.humexp.pry.provider.CommonTest" time="0.15"/>
  <system-out><![CDATA[]]></system-out>
  <system-err><![CDATA[]]></system-err>
</testsuite>
